<?xml version="1.0" encoding="UTF-8"?>
<testng-results ignored="0" total="11" passed="11" failed="0" skipped="0">
  <reporter-output>
  </reporter-output>
  <suite started-at="2022-04-14T12:03:01 IST" name="Default suite" finished-at="2022-04-14T12:08:13 IST" duration-ms="312638">
    <groups>
      <group name="cucumber">
        <method signature="AbstractTestNGCucumberTests.runScenario(io.cucumber.testng.PickleWrapper,io.cucumber.testng.FeatureWrapper)[pri:0, instance:com.cg.runner.TestNgRunner@209da20d]" name="runScenario" class="io.cucumber.testng.AbstractTestNGCucumberTests"/>
      </group> <!-- cucumber -->
    </groups>
    <test started-at="2022-04-14T12:03:01 IST" name="Default test" finished-at="2022-04-14T12:08:13 IST" duration-ms="312638">
      <class name="com.cg.runner.TestNgRunner">
        <test-method is-config="true" signature="setUpClass(org.testng.ITestContext)[pri:0, instance:com.cg.runner.TestNgRunner@209da20d]" started-at="2022-04-14T12:03:01 IST" name="setUpClass" finished-at="2022-04-14T12:03:01 IST" duration-ms="380" status="PASS">
          <params>
            <param index="0">
              <value>
                <![CDATA[org.testng.TestRunner@4c319d52]]>
              </value>
            </param>
          </params>
          <reporter-output>
          </reporter-output>
        </test-method> <!-- setUpClass -->
        <test-method signature="runScenario(io.cucumber.testng.PickleWrapper,io.cucumber.testng.FeatureWrapper)[pri:0, instance:com.cg.runner.TestNgRunner@209da20d]" started-at="2022-04-14T12:03:01 IST" name="runScenario" description="Runs Cucumber Scenarios" data-provider="scenarios" finished-at="2022-04-14T12:03:31 IST" duration-ms="30312" status="PASS">
          <params>
            <param index="0">
              <value>
                <![CDATA["Check the login with invalid credentials validations"]]>
              </value>
            </param>
            <param index="1">
              <value>
                <![CDATA["Optional[Check login functionality of OrangeHrm]"]]>
              </value>
            </param>
          </params>
          <reporter-output>
          </reporter-output>
        </test-method> <!-- runScenario -->
        <test-method signature="runScenario(io.cucumber.testng.PickleWrapper,io.cucumber.testng.FeatureWrapper)[pri:0, instance:com.cg.runner.TestNgRunner@209da20d]" started-at="2022-04-14T12:03:31 IST" name="runScenario" description="Runs Cucumber Scenarios" data-provider="scenarios" finished-at="2022-04-14T12:04:02 IST" duration-ms="30293" status="PASS">
          <params>
            <param index="0">
              <value>
                <![CDATA["Check the login with invalid credentials validations"]]>
              </value>
            </param>
            <param index="1">
              <value>
                <![CDATA["Optional[Check login functionality of OrangeHrm]"]]>
              </value>
            </param>
          </params>
          <reporter-output>
          </reporter-output>
        </test-method> <!-- runScenario -->
        <test-method signature="runScenario(io.cucumber.testng.PickleWrapper,io.cucumber.testng.FeatureWrapper)[pri:0, instance:com.cg.runner.TestNgRunner@209da20d]" started-at="2022-04-14T12:04:02 IST" name="runScenario" description="Runs Cucumber Scenarios" data-provider="scenarios" finished-at="2022-04-14T12:04:31 IST" duration-ms="29735" status="PASS">
          <params>
            <param index="0">
              <value>
                <![CDATA["Check the login with invalid credentials validations"]]>
              </value>
            </param>
            <param index="1">
              <value>
                <![CDATA["Optional[Check login functionality of OrangeHrm]"]]>
              </value>
            </param>
          </params>
          <reporter-output>
          </reporter-output>
        </test-method> <!-- runScenario -->
        <test-method signature="runScenario(io.cucumber.testng.PickleWrapper,io.cucumber.testng.FeatureWrapper)[pri:0, instance:com.cg.runner.TestNgRunner@209da20d]" started-at="2022-04-14T12:04:31 IST" name="runScenario" description="Runs Cucumber Scenarios" data-provider="scenarios" finished-at="2022-04-14T12:05:01 IST" duration-ms="29064" status="PASS">
          <params>
            <param index="0">
              <value>
                <![CDATA["Check the login with invalid credentials validations"]]>
              </value>
            </param>
            <param index="1">
              <value>
                <![CDATA["Optional[Check login functionality of OrangeHrm]"]]>
              </value>
            </param>
          </params>
          <reporter-output>
          </reporter-output>
        </test-method> <!-- runScenario -->
        <test-method signature="runScenario(io.cucumber.testng.PickleWrapper,io.cucumber.testng.FeatureWrapper)[pri:0, instance:com.cg.runner.TestNgRunner@209da20d]" started-at="2022-04-14T12:05:01 IST" name="runScenario" description="Runs Cucumber Scenarios" data-provider="scenarios" finished-at="2022-04-14T12:05:31 IST" duration-ms="30803" status="PASS">
          <params>
            <param index="0">
              <value>
                <![CDATA["Check the login with invalid credentials validations"]]>
              </value>
            </param>
            <param index="1">
              <value>
                <![CDATA["Optional[Check login functionality of OrangeHrm]"]]>
              </value>
            </param>
          </params>
          <reporter-output>
          </reporter-output>
        </test-method> <!-- runScenario -->
        <test-method signature="runScenario(io.cucumber.testng.PickleWrapper,io.cucumber.testng.FeatureWrapper)[pri:0, instance:com.cg.runner.TestNgRunner@209da20d]" started-at="2022-04-14T12:05:31 IST" name="runScenario" description="Runs Cucumber Scenarios" data-provider="scenarios" finished-at="2022-04-14T12:06:00 IST" duration-ms="29072" status="PASS">
          <params>
            <param index="0">
              <value>
                <![CDATA["Check the login with invalid credentials validations"]]>
              </value>
            </param>
            <param index="1">
              <value>
                <![CDATA["Optional[Check login functionality of OrangeHrm]"]]>
              </value>
            </param>
          </params>
          <reporter-output>
          </reporter-output>
        </test-method> <!-- runScenario -->
        <test-method signature="runScenario(io.cucumber.testng.PickleWrapper,io.cucumber.testng.FeatureWrapper)[pri:0, instance:com.cg.runner.TestNgRunner@209da20d]" started-at="2022-04-14T12:06:00 IST" name="runScenario" description="Runs Cucumber Scenarios" data-provider="scenarios" finished-at="2022-04-14T12:06:25 IST" duration-ms="24196" status="PASS">
          <params>
            <param index="0">
              <value>
                <![CDATA["User checks error messages on login page"]]>
              </value>
            </param>
            <param index="1">
              <value>
                <![CDATA["Optional[Check login functionality of OrangeHrm]"]]>
              </value>
            </param>
          </params>
          <reporter-output>
          </reporter-output>
        </test-method> <!-- runScenario -->
        <test-method signature="runScenario(io.cucumber.testng.PickleWrapper,io.cucumber.testng.FeatureWrapper)[pri:0, instance:com.cg.runner.TestNgRunner@209da20d]" started-at="2022-04-14T12:06:25 IST" name="runScenario" description="Runs Cucumber Scenarios" data-provider="scenarios" finished-at="2022-04-14T12:06:49 IST" duration-ms="24330" status="PASS">
          <params>
            <param index="0">
              <value>
                <![CDATA["Verify labels on login page"]]>
              </value>
            </param>
            <param index="1">
              <value>
                <![CDATA["Optional[Check login functionality of OrangeHrm]"]]>
              </value>
            </param>
          </params>
          <reporter-output>
          </reporter-output>
        </test-method> <!-- runScenario -->
        <test-method signature="runScenario(io.cucumber.testng.PickleWrapper,io.cucumber.testng.FeatureWrapper)[pri:0, instance:com.cg.runner.TestNgRunner@209da20d]" started-at="2022-04-14T12:06:49 IST" name="runScenario" description="Runs Cucumber Scenarios" data-provider="scenarios" finished-at="2022-04-14T12:07:14 IST" duration-ms="24682" status="PASS">
          <params>
            <param index="0">
              <value>
                <![CDATA["User logins with valid credentials"]]>
              </value>
            </param>
            <param index="1">
              <value>
                <![CDATA["Optional[Check login functionality of OrangeHrm]"]]>
              </value>
            </param>
          </params>
          <reporter-output>
          </reporter-output>
        </test-method> <!-- runScenario -->
        <test-method signature="runScenario(io.cucumber.testng.PickleWrapper,io.cucumber.testng.FeatureWrapper)[pri:0, instance:com.cg.runner.TestNgRunner@209da20d]" started-at="2022-04-14T12:07:14 IST" name="runScenario" description="Runs Cucumber Scenarios" data-provider="scenarios" finished-at="2022-04-14T12:07:44 IST" duration-ms="30096" status="PASS">
          <params>
            <param index="0">
              <value>
                <![CDATA["Check the labels of profile screen"]]>
              </value>
            </param>
            <param index="1">
              <value>
                <![CDATA["Optional[Check profile feature functionality]"]]>
              </value>
            </param>
          </params>
          <reporter-output>
          </reporter-output>
        </test-method> <!-- runScenario -->
        <test-method signature="runScenario(io.cucumber.testng.PickleWrapper,io.cucumber.testng.FeatureWrapper)[pri:0, instance:com.cg.runner.TestNgRunner@209da20d]" started-at="2022-04-14T12:07:44 IST" name="runScenario" description="Runs Cucumber Scenarios" data-provider="scenarios" finished-at="2022-04-14T12:08:13 IST" duration-ms="29586" status="PASS">
          <params>
            <param index="0">
              <value>
                <![CDATA["Verify list of profile pop up"]]>
              </value>
            </param>
            <param index="1">
              <value>
                <![CDATA["Optional[Check profile feature functionality]"]]>
              </value>
            </param>
          </params>
          <reporter-output>
          </reporter-output>
        </test-method> <!-- runScenario -->
        <test-method is-config="true" signature="tearDownClass()[pri:0, instance:com.cg.runner.TestNgRunner@209da20d]" started-at="2022-04-14T12:08:13 IST" name="tearDownClass" finished-at="2022-04-14T12:08:13 IST" duration-ms="49" status="PASS">
          <reporter-output>
          </reporter-output>
        </test-method> <!-- tearDownClass -->
      </class> <!-- com.cg.runner.TestNgRunner -->
    </test> <!-- Default test -->
  </suite> <!-- Default suite -->
</testng-results>
